# JRE version: Java(TM) SE Runtime Environment (16.0.2+7) (build 16.0.2+7-67)
# Java VM: Java HotSpot(TM) 64-Bit Server VM (16.0.2+7-67, mixed mode, sharing, tiered, compressed oops, compressed class ptrs, g1 gc, windows-amd64)
GC Precious Log:
 CPUs: 4 total, 4 available
 Memory: 8135M
 Large Page Support: Disabled
 NUMA Support: Disabled
 Compressed Oops: Enabled (32-bit)
 Heap Region Size: 1M
 Heap Min Capacity: 8M
 Heap Initial Capacity: 128M
 Heap Max Capacity: 2034M
 Pre-touch: Disabled
 Parallel Workers: 4
 Concurrent Workers: 1
 Concurrent Refinement Workers: 4
 Periodic GC: Disabled
Heap:
 garbage-first heap   total 206848K, used 133756K [0x0000000080e00000, 0x0000000100000000)
  region size 1024K, 24 young (24576K), 8 survivors (8192K)
 Metaspace       used 84835K, committed 85184K, reserved 1130496K
  class space    used 8808K, committed 8960K, reserved 1048576K
GC Heap History (20 events):
Event: 141.049 GC heap before
{Heap before GC invocations=61 (full 0):
 garbage-first heap   total 179200K, used 137216K [0x0000000080e00000, 0x0000000100000000)
  region size 1024K, 40 young (40960K), 6 survivors (6144K)
 Metaspace       used 69078K, committed 69376K, reserved 1114112K
  class space    used 7468K, committed 7616K, reserved 1048576K
}
Event: 141.063 GC heap after
{Heap after GC invocations=62 (full 0):
 garbage-first heap   total 179200K, used 108086K [0x0000000080e00000, 0x0000000100000000)
  region size 1024K, 5 young (5120K), 5 survivors (5120K)
 Metaspace       used 69078K, committed 69376K, reserved 1114112K
  class space    used 7468K, committed 7616K, reserved 1048576K
}
Event: 142.818 GC heap before
{Heap before GC invocations=62 (full 0):
 garbage-first heap   total 179200K, used 146998K [0x0000000080e00000, 0x0000000100000000)
  region size 1024K, 43 young (44032K), 5 survivors (5120K)
 Metaspace       used 69526K, committed 69888K, reserved 1114112K
  class space    used 7518K, committed 7680K, reserved 1048576K
}
Event: 142.837 GC heap after
{Heap after GC invocations=63 (full 0):
 garbage-first heap   total 179200K, used 114642K [0x0000000080e00000, 0x0000000100000000)
  region size 1024K, 6 young (6144K), 6 survivors (6144K)
 Metaspace       used 69526K, committed 69888K, reserved 1114112K
  class space    used 7518K, committed 7680K, reserved 1048576K
}
Event: 146.692 GC heap before
{Heap before GC invocations=64 (full 0):
 garbage-first heap   total 201728K, used 148434K [0x0000000080e00000, 0x0000000100000000)
  region size 1024K, 39 young (39936K), 6 survivors (6144K)
 Metaspace       used 74977K, committed 75264K, reserved 1122304K
  class space    used 8134K, committed 8256K, reserved 1048576K
}
Event: 146.708 GC heap after
{Heap after GC invocations=65 (full 0):
 garbage-first heap   total 201728K, used 117597K [0x0000000080e00000, 0x0000000100000000)
  region size 1024K, 3 young (3072K), 3 survivors (3072K)
 Metaspace       used 74977K, committed 75264K, reserved 1122304K
  class space    used 8134K, committed 8256K, reserved 1048576K
}
Event: 150.728 GC heap before
{Heap before GC invocations=65 (full 0):
 garbage-first heap   total 201728K, used 164701K [0x0000000080e00000, 0x0000000100000000)
  region size 1024K, 49 young (50176K), 3 survivors (3072K)
 Metaspace       used 77186K, committed 77504K, reserved 1122304K
  class space    used 8326K, committed 8448K, reserved 1048576K
}
Event: 150.738 GC heap after
{Heap after GC invocations=66 (full 0):
 garbage-first heap   total 201728K, used 120558K [0x0000000080e00000, 0x0000000100000000)
  region size 1024K, 6 young (6144K), 6 survivors (6144K)
 Metaspace       used 77186K, committed 77504K, reserved 1122304K
  class space    used 8326K, committed 8448K, reserved 1048576K
}
Event: 154.902 GC heap before
{Heap before GC invocations=67 (full 0):
 garbage-first heap   total 201728K, used 164590K [0x0000000080e00000, 0x0000000100000000)
  region size 1024K, 51 young (52224K), 6 survivors (6144K)
 Metaspace       used 78332K, committed 78592K, reserved 1122304K
  class space    used 8390K, committed 8512K, reserved 1048576K
}
Event: 154.914 GC heap after
{Heap after GC invocations=68 (full 0):
 garbage-first heap   total 201728K, used 120399K [0x0000000080e00000, 0x0000000100000000)
  region size 1024K, 6 young (6144K), 6 survivors (6144K)
 Metaspace       used 78332K, committed 78592K, reserved 1122304K
  class space    used 8390K, committed 8512K, reserved 1048576K
}
Event: 155.065 GC heap before
{Heap before GC invocations=68 (full 0):
 garbage-first heap   total 201728K, used 123471K [0x0000000080e00000, 0x0000000100000000)
  region size 1024K, 9 young (9216K), 6 survivors (6144K)
 Metaspace       used 78341K, committed 78656K, reserved 1122304K
  class space    used 8390K, committed 8512K, reserved 1048576K
}
Event: 155.094 GC heap after
{Heap after GC invocations=69 (full 0):
 garbage-first heap   total 201728K, used 111361K [0x0000000080e00000, 0x0000000100000000)
  region size 1024K, 1 young (1024K), 1 survivors (1024K)
 Metaspace       used 78341K, committed 78656K, reserved 1122304K
  class space    used 8390K, committed 8512K, reserved 1048576K
}
Event: 157.900 GC heap before
{Heap before GC invocations=69 (full 0):
 garbage-first heap   total 201728K, used 165633K [0x0000000080e00000, 0x0000000100000000)
  region size 1024K, 54 young (55296K), 1 survivors (1024K)
 Metaspace       used 78801K, committed 79104K, reserved 1122304K
  class space    used 8414K, committed 8576K, reserved 1048576K
}
Event: 157.904 GC heap after
{Heap after GC invocations=70 (full 0):
 garbage-first heap   total 201728K, used 111851K [0x0000000080e00000, 0x0000000100000000)
  region size 1024K, 2 young (2048K), 2 survivors (2048K)
 Metaspace       used 78801K, committed 79104K, reserved 1122304K
  class space    used 8414K, committed 8576K, reserved 1048576K
}
Event: 160.066 GC heap before
{Heap before GC invocations=71 (full 0):
 garbage-first heap   total 206848K, used 167147K [0x0000000080e00000, 0x0000000100000000)
  region size 1024K, 56 young (57344K), 2 survivors (2048K)
 Metaspace       used 79177K, committed 79488K, reserved 1122304K
  class space    used 8429K, committed 8576K, reserved 1048576K
}
Event: 160.072 GC heap after
{Heap after GC invocations=72 (full 0):
 garbage-first heap   total 206848K, used 113278K [0x0000000080e00000, 0x0000000100000000)
  region size 1024K, 3 young (3072K), 3 survivors (3072K)
 Metaspace       used 79177K, committed 79488K, reserved 1122304K
  class space    used 8429K, committed 8576K, reserved 1048576K
}
Event: 163.592 GC heap before
{Heap before GC invocations=72 (full 0):
 garbage-first heap   total 206848K, used 173694K [0x0000000080e00000, 0x0000000100000000)
  region size 1024K, 62 young (63488K), 3 survivors (3072K)
 Metaspace       used 81963K, committed 82304K, reserved 1122304K
  class space    used 8652K, committed 8832K, reserved 1048576K
}
Event: 163.601 GC heap after
{Heap after GC invocations=73 (full 0):
 garbage-first heap   total 206848K, used 114715K [0x0000000080e00000, 0x0000000100000000)
  region size 1024K, 5 young (5120K), 5 survivors (5120K)
 Metaspace       used 81963K, committed 82304K, reserved 1122304K
  class space    used 8652K, committed 8832K, reserved 1048576K
}
Event: 173.467 GC heap before
{Heap before GC invocations=74 (full 0):
 garbage-first heap   total 206848K, used 174107K [0x0000000080e00000, 0x0000000100000000)
  region size 1024K, 63 young (64512K), 5 survivors (5120K)
 Metaspace       used 84673K, committed 84992K, reserved 1130496K
  class space    used 8804K, committed 8960K, reserved 1048576K
}
Event: 173.482 GC heap after
{Heap after GC invocations=75 (full 0):
 garbage-first heap   total 206848K, used 118396K [0x0000000080e00000, 0x0000000100000000)
  region size 1024K, 8 young (8192K), 8 survivors (8192K)
 Metaspace       used 84673K, committed 84992K, reserved 1130496K
  class space    used 8804K, committed 8960K, reserved 1048576K
}

